<?xml version="1.0" encoding="UTF-8"?>
<testsuite xmlns:xsi="http://www.w3.org/2001/XMLSchema-instance" xsi:noNamespaceSchemaLocation="https://maven.apache.org/surefire/maven-surefire-plugin/xsd/surefire-test-report-3.0.xsd" version="3.0" name="runner.TestRunner" time="14.918" tests="2" errors="0" skipped="0" failures="0">
  <properties>
[...]
</properties>
  <testcase name="runScenario[&quot;Verify User is redirected to correct url&quot;, &quot;Verify user redirection on web application&quot;](1)" classname="runner.TestRunner" time="5.61">
    <system-out><![CDATA[
Scenario: Verify User is redirected to correct url &amp#27;[90m# src/test/java/Feature/homePage.feature:3&amp#27;[0m
Enter URL
  &amp#27;[32mGiven &amp#27;[0m&amp#27;[32mEnter URL&amp#27;[0m                                  &amp#27;[90m# Stepdef.homeScreen.verifyURL()&amp#27;[0m
Browser is open
  &amp#27;[32mWhen &amp#27;[0m&amp#27;[32mBrowser is Open&amp#27;[0m                             &amp#27;[90m# Stepdef.homeScreen.verifyBrowser()&amp#27;[0m
Verify User is redirected to URL
  &amp#27;[32mThen &amp#27;[0m&amp#27;[32mUser is redirected to URL&amp#27;[0m                   &amp#27;[90m# Stepdef.homeScreen.verifyRedirection()&amp#27;[0m
]]></system-out>
    <system-err><![CDATA[SLF4J(W): No SLF4J providers were found.
SLF4J(W): Defaulting to no-operation (NOP) logger implementation
SLF4J(W): See https://www.slf4j.org/codes.html#noProviders for further details.
]]></system-err>
  </testcase>
  <testcase name="runScenario[&quot;Verify User is able to access the eSight Portal&quot;, &quot;Verify user redirection on web application&quot;](2)" classname="runner.TestRunner" time="6.252">
    <system-out><![CDATA[
Scenario: Verify User is able to access the eSight Portal &amp#27;[90m# src/test/java/Feature/homePage.feature:8&amp#27;[0m
Verify User is redirected to URL
  &amp#27;[32mGiven &amp#27;[0m&amp#27;[32mUser is redirected to URL&amp#27;[0m                         &amp#27;[90m# Stepdef.homeScreen.verifyRedirection()&amp#27;[0m
  &amp#27;[32mWhen &amp#27;[0m&amp#27;[32mUser enter the valid credentials of admin&amp#27;[0m          &amp#27;[90m# Stepdef.homeScreen.userEnterTheValidCredentialsOfAdmin()&amp#27;[0m
  &amp#27;[32mThen &amp#27;[0m&amp#27;[32mVerify User should be able to redirect to HomePage&amp#27;[0m &amp#27;[90m# Stepdef.homeScreen.verifyUserShouldBeAbleToRedirectToHomePage()&amp#27;[0m
]]></system-out>
  </testcase>
</testsuite>